<?xml version="1.0" encoding="UTF-8"?>
<!-- Generated by org.testng.reporters.JUnitReportReporter -->
<testsuite hostname="SONU" failures="0" tests="8" name="Network.Test_NG" time="0.018" errors="0" timestamp="2025-12-04T18:37:38 IST" skipped="0">
  <testcase classname="Network.Test_NG" name="loginpage" time="0.006"/>
  <testcase classname="Network.Test_NG" name="username" time="0.002"/>
  <testcase classname="Network.Test_NG" name="password" time="0.002"/>
  <testcase classname="Network.Test_NG" name="loginbutton" time="0.002"/>
  <testcase classname="Network.Test_NG" name="homepage" time="0.002"/>
  <testcase classname="Network.Test_NG" name="logingpage" time="0.001"/>
  <testcase classname="Network.Test_NG" name="username1" time="0.001"/>
  <testcase classname="Network.Test_NG" name="password1" time="0.002"/>
</testsuite> <!-- Network.Test_NG -->
