<?xml version="1.0" encoding="UTF-8"?>
<!-- Generated by org.testng.reporters.JUnitReportReporter -->
<testsuite hostname="SONU" failures="0" tests="11" name="Network.Fbtest_ng" time="0.037" errors="0" timestamp="2025-12-04T20:23:35 IST" skipped="0">
  <testcase classname="Network.Fbtest_ng" name="loginpage" time="0.016"/>
  <testcase classname="Network.Fbtest_ng" name="Accountcreat_button" time="0.003"/>
  <testcase classname="Network.Fbtest_ng" name="Firstname" time="0.003"/>
  <testcase classname="Network.Fbtest_ng" name="Lastname" time="0.002"/>
  <testcase classname="Network.Fbtest_ng" name="Date" time="0.002"/>
  <testcase classname="Network.Fbtest_ng" name="Month" time="0.003"/>
  <testcase classname="Network.Fbtest_ng" name="Year" time="0.002"/>
  <testcase classname="Network.Fbtest_ng" name="Sex" time="0.001"/>
  <testcase classname="Network.Fbtest_ng" name="Email" time="0.002"/>
  <testcase classname="Network.Fbtest_ng" name="Newpassword" time="0.002"/>
  <testcase classname="Network.Fbtest_ng" name="Submit_button" time="0.001"/>
</testsuite> <!-- Network.Fbtest_ng -->
